<?xml version="1.0" encoding="UTF-8"?>
<!-- Generated by org.testng.reporters.JUnitReportReporter -->
<testsuite hostname="Clairvoyant-079" failures="0" tests="2" name="pojo.EmployeeSerializationDeserialization" time="0.390" errors="0" timestamp="2021-09-30T16:57:48 IST" skipped="0">
  <testcase classname="pojo.EmployeeSerializationDeserialization" name="createEmployeeJSONFromEmployeePOJOClass" time="0.357"/>
  <system-out/>
  <testcase classname="pojo.EmployeeSerializationDeserialization" name="getPojoFromEmployeeObject" time="0.033"/>
  <system-out/>
</testsuite> <!-- pojo.EmployeeSerializationDeserialization -->
