<?xml version="1.0" encoding="UTF-8"?>
<!-- Generated by org.testng.reporters.JUnitReportReporter -->
<testsuite hostname="Clairvoyant-079" failures="0" tests="1" name="SumValidation" time="1.547" errors="0" timestamp="2021-09-27T14:52:16 IST" skipped="0">
  <testcase classname="SumValidation" name="sumOfcourses" time="1.547"/>
  <system-out/>
</testsuite> <!-- SumValidation -->
